This is pdfTeX, Version 3.14159265-2.6-1.40.20 (MiKTeX 2.9.7050 64-bit) (preloaded format=latex 2019.7.5)  5 JUL 2019 21:24
entering extended mode
**q
("C:\Users\anast\AppData\Local\Programs\MiKTeX 2.9\tex/latex/tools\q.tex"
! Interruption.
<to be read again> 
                   \begingroup 
l.1 
    %%
? 
! Emergency stop.
<to be read again> 
                   \begingroup 
l.1 
    %%
End of file on the terminal!

 
Here is how much of TeX's memory you used:
 7 strings out of 492896
 254 string characters out of 3123762
 57019 words of memory out of 3000000
 4023 multiletter control sequences out of 15000+200000
 3640 words of font info for 14 fonts, out of 3000000 for 9000
 1141 hyphenation exceptions out of 8191
 3i,0n,1p,7b,6s stack positions out of 5000i,500n,10000p,200000b,50000s
No pages of output.
